<?xml version="1.0" encoding="UTF-8"?>
<!-- Generated by org.testng.reporters.JUnitReportReporter -->
<testsuite hostname="God-Gift" failures="0" tests="2" name="runner.TestRunner" time="21.252" errors="0" timestamp="2025-06-11T19:10:54 MDT" skipped="0">
  <testcase classname="runner.TestRunner" name="runScenario" time="10.558"/>
  <testcase classname="runner.TestRunner" name="runScenario" time="10.694"/>
</testsuite> <!-- runner.TestRunner -->
