<?xml version="1.0" encoding="UTF-8"?>
<!-- Generated by org.testng.reporters.JUnitReportReporter -->
<testsuite hostname="God-Gift" failures="0" tests="1" name="runner.TestRunner" time="6.084" errors="0" timestamp="2025-06-12T18:39:11 MDT" skipped="0">
  <testcase classname="runner.TestRunner" name="runScenario" time="6.084"/>
</testsuite> <!-- runner.TestRunner -->
